{"name":"hexo","hostname":"matrix.local","pid":39184,"level":20,"msg":"Hexo version: \u001b[35m3.2.2\u001b[39m","time":"2019-02-06T14:43:00.734Z","v":0}
{"name":"hexo","hostname":"matrix.local","pid":39184,"level":20,"msg":"Working directory: \u001b[35m~/Documents/fightclub/\u001b[39m","time":"2019-02-06T14:43:00.736Z","v":0}
{"name":"hexo","hostname":"matrix.local","pid":39184,"level":20,"msg":"Config loaded: \u001b[35m~/Documents/fightclub/_config.yml\u001b[39m","time":"2019-02-06T14:43:00.821Z","v":0}
{"name":"hexo","hostname":"matrix.local","pid":39184,"level":20,"msg":"Plugin loaded: \u001b[35mhexo-deployer-git\u001b[39m","time":"2019-02-06T14:43:00.835Z","v":0}
{"name":"hexo","hostname":"matrix.local","pid":39184,"level":20,"msg":"Plugin loaded: \u001b[35mhexo-generator-archive\u001b[39m","time":"2019-02-06T14:43:00.837Z","v":0}
{"name":"hexo","hostname":"matrix.local","pid":39184,"level":20,"msg":"Plugin loaded: \u001b[35mhexo-generator-category\u001b[39m","time":"2019-02-06T14:43:00.839Z","v":0}
{"name":"hexo","hostname":"matrix.local","pid":39184,"level":20,"msg":"Plugin loaded: \u001b[35mhexo-generator-index\u001b[39m","time":"2019-02-06T14:43:00.840Z","v":0}
{"name":"hexo","hostname":"matrix.local","pid":39184,"level":20,"msg":"Plugin loaded: \u001b[35mhexo-renderer-ejs\u001b[39m","time":"2019-02-06T14:43:00.842Z","v":0}
{"name":"hexo","hostname":"matrix.local","pid":39184,"level":20,"msg":"Plugin loaded: \u001b[35mhexo-generator-tag\u001b[39m","time":"2019-02-06T14:43:00.843Z","v":0}
{"name":"hexo","hostname":"matrix.local","pid":39184,"level":20,"msg":"Plugin loaded: \u001b[35mhexo-server\u001b[39m","time":"2019-02-06T14:43:00.905Z","v":0}
{"name":"hexo","hostname":"matrix.local","pid":39184,"level":20,"msg":"Script loaded: \u001b[35mthemes/next/scripts/merge-configs.js\u001b[39m","time":"2019-02-06T14:43:00.906Z","v":0}
{"name":"hexo","hostname":"matrix.local","pid":39184,"level":20,"msg":"Plugin loaded: \u001b[35mhexo-renderer-marked\u001b[39m","time":"2019-02-06T14:43:00.911Z","v":0}
{"name":"hexo","hostname":"matrix.local","pid":39184,"level":20,"msg":"Script loaded: \u001b[35mthemes/next/scripts/tags/full-image.js\u001b[39m","time":"2019-02-06T14:43:00.912Z","v":0}
{"name":"hexo","hostname":"matrix.local","pid":39184,"level":20,"msg":"Plugin loaded: \u001b[35mhexo-renderer-stylus\u001b[39m","time":"2019-02-06T14:43:00.913Z","v":0}
{"name":"hexo","hostname":"matrix.local","pid":39184,"level":20,"msg":"Script loaded: \u001b[35mthemes/next/scripts/tags/center-quote.js\u001b[39m","time":"2019-02-06T14:43:00.913Z","v":0}
{"name":"hexo","hostname":"matrix.local","pid":39184,"level":20,"msg":"Script loaded: \u001b[35mthemes/next/scripts/tags/note.js\u001b[39m","time":"2019-02-06T14:43:00.913Z","v":0}
{"name":"hexo","hostname":"matrix.local","pid":39184,"level":20,"msg":"Script loaded: \u001b[35mthemes/next/scripts/tags/group-pictures.js\u001b[39m","time":"2019-02-06T14:43:00.914Z","v":0}
{"name":"hexo","hostname":"matrix.local","pid":39184,"level":30,"msg":"Deploying: \u001b[35mgit\u001b[39m","time":"2019-02-06T14:43:00.916Z","v":0}
{"name":"hexo","hostname":"matrix.local","pid":39184,"level":30,"msg":"Clearing .deploy_git folder...","time":"2019-02-06T14:43:00.922Z","v":0}
{"name":"hexo","hostname":"matrix.local","pid":39184,"level":30,"msg":"Copying files from public folder...","time":"2019-02-06T14:43:00.965Z","v":0}
{"name":"hexo","hostname":"matrix.local","pid":39184,"level":60,"err":{"message":"fatal: unable to access 'https://github.com/thuhak/thuhak.github.io.git/': Empty reply from server\n","name":"Error","stack":"Error: fatal: unable to access 'https://github.com/thuhak/thuhak.github.io.git/': Empty reply from server\n\n    at ChildProcess.<anonymous> (/Users/thuhak.zhou/Documents/fightclub/node_modules/hexo-util/lib/spawn.js:37:17)\n    at emitTwo (events.js:106:13)\n    at ChildProcess.emit (events.js:192:7)\n    at maybeClose (internal/child_process.js:890:16)\n    at Socket.<anonymous> (internal/child_process.js:334:11)\n    at emitOne (events.js:96:13)\n    at Socket.emit (events.js:189:7)\n    at Pipe._handle.close [as _onclose] (net.js:501:12)","code":128},"msg":"Something's wrong. Maybe you can find the solution here: \u001b[4mhttp://hexo.io/docs/troubleshooting.html\u001b[24m","time":"2019-02-06T14:43:39.373Z","v":0}
{"name":"hexo","hostname":"matrix.local","pid":39184,"level":20,"msg":"Database saved","time":"2019-02-06T14:43:39.377Z","v":0}
